<?xml version="1.0" encoding="UTF-8"?>
<testsuite name="junit.tutorial.ex01.e03.CounterTest" tests="1" skipped="0" failures="0" errors="0" timestamp="2021-05-20T02:57:13" hostname="yamamotyuunoAir" time="0.23">
  <properties/>
  <testcase name="testIncrement1()" classname="junit.tutorial.ex01.e03.CounterTest" time="0.23"/>
  <system-out><![CDATA[]]></system-out>
  <system-err><![CDATA[]]></system-err>
</testsuite>
